<?xml version="1.0" encoding="UTF-8"?>
<!-- Generated by org.testng.reporters.JUnitReportReporter -->
<testsuite hostname="DESKTOP-HOF3APB" failures="0" tests="3" name="test.LoginTest" time="16.071" errors="0" timestamp="16 Dec 2023 19:43:29 GMT">
  <testcase classname="test.LoginTest" name="validateLoginAlertMesg" time="3.496"/>
  <testcase classname="test.LoginTest" name="regressionTest" time="0.010"/>
  <testcase classname="test.LoginTest" name="validUserShouldBeAbleToLogin" time="12.565"/>
</testsuite> <!-- test.LoginTest -->
