<?xml version="1.0" encoding="UTF-8"?>
<!-- Generated by org.testng.reporters.JUnitReportReporter -->
<testsuite hostname="DESKTOP-HOF3APB" failures="0" tests="1" name="test.AddCustomerTest" time="54.861" errors="0" timestamp="16 Dec 2023 19:46:15 GMT">
  <testcase classname="test.AddCustomerTest" name="userShouldBeAbleToAddNewCustomer" time="54.861"/>
</testsuite> <!-- test.AddCustomerTest -->
